> devices
[info]  Serial                 Model            Battery % Android Version
[info]  ---------------------- ---------------- --------- ---------------
[info]  87613303                MI 4W                  73% 5.0.2  API 21
> clean
[success] Total time: 0 s, completed 14.09.2015 0:08:06
> run
[info] Updating {file:/Users/aafa/Projects/github/sbt-multiproject/}app...
[info] Resolving com.hanhuy.android#protify;0.6 ...
[info] Done updating.
[warn] com.android.support:multidex:1.0.1 is not an explicit dependency, skipping
[info] Collecting resources
[info] Performing full resource merge
[info] Processing resources
[warn] /Users/aafa/Projects/github/sbt-multiproject/core/target/aars/com.android.support-appcompat-v7-21.0.3/res/drawable-xhdpi/abc_ab_share_pack_holo_light.9.png: libpng warning: iCCP: Not recognizing known sRGB profile that has been edited
[warn] /Users/aafa/Projects/github/sbt-multiproject/core/target/aars/com.android.support-appcompat-v7-21.0.3/res/drawable-hdpi/abc_ab_share_pack_holo_dark.9.png: libpng warning: iCCP: Not recognizing known sRGB profile that has been edited
[warn] /Users/aafa/Projects/github/sbt-multiproject/core/target/aars/com.android.support-appcompat-v7-21.0.3/res/drawable-xhdpi/abc_ab_share_pack_holo_dark.9.png: libpng warning: iCCP: Not recognizing known sRGB profile that has been edited
[warn] /Users/aafa/Projects/github/sbt-multiproject/core/target/aars/com.android.support-appcompat-v7-21.0.3/res/drawable-hdpi/abc_spinner_mtrl_am_alpha.9.png: libpng warning: iCCP: Not recognizing known sRGB profile that has been edited
[warn] /Users/aafa/Projects/github/sbt-multiproject/core/target/aars/com.android.support-appcompat-v7-21.0.3/res/drawable-mdpi/abc_ab_share_pack_holo_dark.9.png: libpng warning: iCCP: Not recognizing known sRGB profile that has been edited
[warn] /Users/aafa/Projects/github/sbt-multiproject/core/target/aars/com.android.support-appcompat-v7-21.0.3/res/drawable-hdpi/abc_ab_share_pack_holo_light.9.png: libpng warning: iCCP: Not recognizing known sRGB profile that has been edited
[info] Processing resources
[info] Regenerating TR.scala because R.java has changed
[info] Rebuilding all classes because R.java has changed
[info] Compiling 2 Scala sources and 9 Java sources to /Users/aafa/Projects/github/sbt-multiproject/apps/app/target/android-bin/classes...
[info] Packaging /Users/aafa/Projects/github/sbt-multiproject/apps/app/target/android-bin/classes.jar ...
[info] Done packaging.
[info] Packaging resources: resources-debug.ap_
[info] Finding dependency references for: core:core:0.1-SNAPSHOT
[info] Finding dependency references for: com.android.support-multidex-1.0.1.jar
[info] Finding dependency references for: com.hanhuy.android-protify-agent-0.6.jar
[info] Finding dependency references for: classes.jar
ProGuard, version 5.0
ProGuard is released under the GNU General Public License. You therefore
must ensure that programs that link to it (android, ...)
carry the GNU General Public License as well. Alternatively, you can
apply for an exception with the author of ProGuard.
Reading input...
Reading program jar [/Users/aafa/Projects/github/sbt-multiproject/core/target/android-bin/classes.jar] (filtered)
Reading program jar [/Users/aafa/Projects/github/sbt-multiproject/core/target/aars/com.android.support-multidex-1.0.1/com.android.support-multidex-1.0.1.jar] (filtered)
Reading program jar [/Users/aafa/.ivy2/cache/org.scaloid/scaloid_2.11/jars/scaloid_2.11-3.6.1-10.jar] (filtered)
Reading program jar [/Users/aafa/.ivy2/cache/org.scala-lang/scala-reflect/jars/scala-reflect-2.11.4.jar] (filtered)
Reading program jar [/Users/aafa/.ivy2/cache/org.scala-lang/scala-library/jars/scala-library-2.11.6.jar] (filtered)
Reading program jar [/Users/aafa/Projects/github/sbt-multiproject/core/target/aars/com.hanhuy.android-protify-agent-0.6/com.hanhuy.android-protify-agent-0.6.jar] (filtered)
Reading program jar [/Users/aafa/Projects/github/sbt-multiproject/apps/app/target/android-bin/classes.jar] (filtered)
Reading library jar [/usr/local/var/lib/android-sdk/platforms/android-21/android.jar]
Initializing...
Note: the configuration refers to the unknown class 'com.instabug.library.view.AnnotationView'
Note: the configuration refers to the unknown class 'com.instabug.library.view.SlidingLayer'
Note: there were 2 references to unknown classes.
      You should check your configuration for typos.
      (http://proguard.sourceforge.net/manual/troubleshooting.html#unknownclass)
Note: you're ignoring all warnings!
Ignoring unused library classes...
  Original number of library classes: 3673
  Final number of library classes:    885
Shrinking...
Removing unused program classes and class elements...
  Original number of program classes: 7505
  Final number of program classes:    650
Writing output...
Preparing output jar [/Users/aafa/Projects/github/sbt-multiproject/apps/app/target/android-bin/classes.proguard.jar]
  Copying resources from program jar [/Users/aafa/Projects/github/sbt-multiproject/core/target/android-bin/classes.jar] (filtered)
  Copying resources from program jar [/Users/aafa/Projects/github/sbt-multiproject/core/target/aars/com.android.support-multidex-1.0.1/com.android.support-multidex-1.0.1.jar] (filtered)
  Copying resources from program jar [/Users/aafa/.ivy2/cache/org.scaloid/scaloid_2.11/jars/scaloid_2.11-3.6.1-10.jar] (filtered)
  Copying resources from program jar [/Users/aafa/.ivy2/cache/org.scala-lang/scala-reflect/jars/scala-reflect-2.11.4.jar] (filtered)
  Copying resources from program jar [/Users/aafa/.ivy2/cache/org.scala-lang/scala-library/jars/scala-library-2.11.6.jar] (filtered)
  Copying resources from program jar [/Users/aafa/Projects/github/sbt-multiproject/core/target/aars/com.hanhuy.android-protify-agent-0.6/com.hanhuy.android-protify-agent-0.6.jar] (filtered)
  Copying resources from program jar [/Users/aafa/Projects/github/sbt-multiproject/apps/app/target/android-bin/classes.jar] (filtered)
[info] Creating proguard cache: proguard-cache-ae705ec02e117f8dff6f2c5f51fcbb01985a3f45.jar
[info] Generating maindexlist.txt
[warn] Set mainDexClasses to improve build times:
[warn]   dexMainFileClassesConfig in Android := baseDirectory.value / "copy-of-maindexlist.txt"
[info] Generating dex, incremental=false, multidex=true
[info] dex method count: 4815
[info] Packaged: app-debug-unaligned.apk (1,16MB)
[info] Debug package does not need signing: app-debug-unaligned.apk
[info] zipaligned: app-debug.apk
[info] Installing to MI 4W (87613303)...
[info] [app-debug.apk] Install finished: 1,16MB in 5,57s. 213,72KB/s
[info] Running on MI 4W (87613303)...
[info] Starting: Intent { cmp=com.sbtmult.app/.activity.MainActivity }
[success] Total time: 21 s, completed 14.09.2015 0:08:28
> run
[info] Maintaining resource ID consistency
[warn] com.android.support:multidex:1.0.1 is not an explicit dependency, skipping
[info] Processing resources
[info] Collecting resources
[info] Performing full resource merge
[warn] /Users/aafa/Projects/github/sbt-multiproject/core/target/aars/com.android.support-appcompat-v7-21.0.3/res/drawable-xhdpi/abc_ab_share_pack_holo_light.9.png: libpng warning: iCCP: Not recognizing known sRGB profile that has been edited
[warn] /Users/aafa/Projects/github/sbt-multiproject/core/target/aars/com.android.support-appcompat-v7-21.0.3/res/drawable-hdpi/abc_ab_share_pack_holo_dark.9.png: libpng warning: iCCP: Not recognizing known sRGB profile that has been edited
[warn] /Users/aafa/Projects/github/sbt-multiproject/core/target/aars/com.android.support-appcompat-v7-21.0.3/res/drawable-xhdpi/abc_ab_share_pack_holo_dark.9.png: libpng warning: iCCP: Not recognizing known sRGB profile that has been edited
[warn] /Users/aafa/Projects/github/sbt-multiproject/core/target/aars/com.android.support-appcompat-v7-21.0.3/res/drawable-hdpi/abc_spinner_mtrl_am_alpha.9.png: libpng warning: iCCP: Not recognizing known sRGB profile that has been edited
[warn] /Users/aafa/Projects/github/sbt-multiproject/core/target/aars/com.android.support-appcompat-v7-21.0.3/res/drawable-mdpi/abc_ab_share_pack_holo_dark.9.png: libpng warning: iCCP: Not recognizing known sRGB profile that has been edited
[warn] /Users/aafa/Projects/github/sbt-multiproject/core/target/aars/com.android.support-appcompat-v7-21.0.3/res/drawable-hdpi/abc_ab_share_pack_holo_light.9.png: libpng warning: iCCP: Not recognizing known sRGB profile that has been edited
[info] Processing resources
[info] Packaging resources: resources-debug.ap_
[info] [debug] cache hit, skipping proguard!
[info] Generating maindexlist.txt
Warning: can't write resource [META-INF/MANIFEST.MF] (Duplicate zip entry [com.android.support-multidex-1.0.1.jar:META-INF/MANIFEST.MF])
Warning: can't write resource [META-INF/MANIFEST.MF] (Duplicate zip entry [com.hanhuy.android-protify-agent-0.6.jar:META-INF/MANIFEST.MF])
Warning: can't write resource [META-INF/MANIFEST.MF] (Duplicate zip entry [classes.jar:META-INF/MANIFEST.MF])
[warn] Set mainDexClasses to improve build times:
[warn]   dexMainFileClassesConfig in Android := baseDirectory.value / "copy-of-maindexlist.txt"
[info] Pre-dexing: classes.jar
[info] Pre-dexing: com.android.support-multidex-1.0.1.jar
[info] Pre-dexing: com.hanhuy.android-protify-agent-0.6.jar
[info] Pre-dexing: proguard-cache-ae705ec02e117f8dff6f2c5f51fcbb01985a3f45.jar
[info] Generating dex, incremental=false, multidex=true
[info] dex method count: 229
[info] Packaged: app-debug-unaligned.apk (1,17MB)
[info] Debug package does not need signing: app-debug-unaligned.apk
[info] zipaligned: app-debug.apk
[info] Installing to MI 4W (87613303)...
[info] [app-debug.apk] Install finished: 1,17MB in 3,99s. 301,25KB/s
[info] Running on MI 4W (87613303)...
[info] Starting: Intent { cmp=com.sbtmult.app/.activity.MainActivity }
[success] Total time: 14 s, completed 14.09.2015 0:09:33
>
